<?xml version="1.0" encoding="UTF-8"?>
<!-- Generated by org.testng.reporters.JUnitReportReporter -->
<testsuite hostname="QT-UK-LT0992" failures="0" tests="4" name="Test_POST" time="2.048" errors="0" timestamp="2022-02-02T16:34:35 GMT" skipped="0">
  <testcase classname="Test_POST" name="test_4_delete" time="0.168"/>
  <system-out/>
  <testcase classname="Test_POST" name="test_2_put" time="0.205"/>
  <system-out/>
  <testcase classname="Test_POST" name="test_1_post" time="1.473"/>
  <system-out/>
  <testcase classname="Test_POST" name="test_3_patch" time="0.202"/>
  <system-out/>
</testsuite> <!-- Test_POST -->
