<?xml version="1.0" encoding="UTF-8"?>
<!-- Generated by org.testng.reporters.JUnitReportReporter -->
<testsuite hostname="QT-UK-LT0992" failures="0" tests="1" name="Test01_GET" time="1.420" errors="0" timestamp="2022-02-03T10:15:34 GMT" skipped="0">
  <testcase classname="Test01_GET" name="test_01" time="1.420"/>
  <system-out/>
</testsuite> <!-- Test01_GET -->
