<?xml version="1.0" encoding="UTF-8"?>
<!-- Generated by org.testng.reporters.JUnitReportReporter -->
<testsuite hostname="QT-UK-LT0992" failures="0" tests="1" name="Test_GET" time="1.810" errors="0" timestamp="2022-02-02T16:45:23 GMT" skipped="0">
  <testcase classname="Test_GET" name="test_3_reqres_GET" time="1.810"/>
  <system-out/>
</testsuite> <!-- Test_GET -->
